<?xml version="1.0" encoding="UTF-8"?>
<testsuite name="PowerFinderTest" tests="4" skipped="0" failures="0" errors="0" timestamp="2022-01-29T10:59:14" hostname="LAPTOP-PE4GHEQ2" time="0.003">
  <properties/>
  <testcase name="oneRaisedToOneIsOne" classname="PowerFinderTest" time="0.002"/>
  <testcase name="twoRaisedToTwoIsFour" classname="PowerFinderTest" time="0.0"/>
  <testcase name="twoRaisedToOneIsTwo" classname="PowerFinderTest" time="0.0"/>
  <testcase name="threeRaisedTOTwoIsNine" classname="PowerFinderTest" time="0.0"/>
  <system-out><![CDATA[]]></system-out>
  <system-err><![CDATA[]]></system-err>
</testsuite>
